Build started 2/11/2017 8:24:25 PM.
     1>Project "C:\Users\Saurabh\Desktop\RTA-assignment1\RTA-assignment1\RTA-assignment1.vcxproj" on node 2 (Build target(s)).
     1>ClCompile:
         C:\Program Files (x86)\Microsoft Visual Studio 14.0\VC\bin\CL.exe /c /ZI /nologo /W3 /WX- /sdl /Od /Oy- /D WIN32 /D _DEBUG /D _CONSOLE /D _UNICODE /D UNICODE /Gm /EHsc /RTC1 /MDd /GS /fp:precise /Zc:wchar_t /Zc:forScope /Zc:inline /Fo"Debug\\" /Fd"Debug\vc140.pdb" /Gd /TP /analyze- /errorReport:prompt main.cpp
         main.cpp
     1>c:\program files (x86)\microsoft visual studio 14.0\vc\include\lgl\shader.h(63): warning C4101: 'infoLog': unreferenced local variable
     1>c:\program files (x86)\microsoft visual studio 14.0\vc\include\lgl\shader.h(62): warning C4101: 'success': unreferenced local variable
     1>c:\users\saurabh\desktop\rta-assignment1\rta-assignment1\main.cpp(120): warning C4244: 'initializing': conversion from 'double' to 'GLfloat', possible loss of data
     1>c:\users\saurabh\desktop\rta-assignment1\rta-assignment1\main.cpp(207): warning C4244: '=': conversion from 'double' to 'GLfloat', possible loss of data
     1>c:\users\saurabh\desktop\rta-assignment1\rta-assignment1\main.cpp(208): warning C4244: '=': conversion from 'double' to 'GLfloat', possible loss of data
     1>c:\users\saurabh\desktop\rta-assignment1\rta-assignment1\main.cpp(212): warning C4244: 'initializing': conversion from 'double' to 'GLfloat', possible loss of data
     1>c:\users\saurabh\desktop\rta-assignment1\rta-assignment1\main.cpp(213): warning C4244: 'initializing': conversion from 'double' to 'GLfloat', possible loss of data
     1>c:\users\saurabh\desktop\rta-assignment1\rta-assignment1\main.cpp(215): warning C4244: '=': conversion from 'double' to 'GLfloat', possible loss of data
     1>c:\users\saurabh\desktop\rta-assignment1\rta-assignment1\main.cpp(216): warning C4244: '=': conversion from 'double' to 'GLfloat', possible loss of data
     1>c:\users\saurabh\desktop\rta-assignment1\rta-assignment1\main.cpp(223): warning C4244: 'argument': conversion from 'double' to 'GLfloat', possible loss of data
       Link:
         C:\Program Files (x86)\Microsoft Visual Studio 14.0\VC\bin\link.exe /ERRORREPORT:PROMPT /OUT:"C:\Users\Saurabh\Desktop\RTA-assignment1\Debug\RTA-assignment1.exe" /INCREMENTAL /NOLOGO glfw3.lib opengl32.lib glew32s.lib glew32.lib SOIL.lib assimpd.lib kernel32.lib user32.lib gdi32.lib winspool.lib comdlg32.lib advapi32.lib shell32.lib ole32.lib oleaut32.lib uuid.lib odbc32.lib odbccp32.lib /MANIFEST /MANIFESTUAC:"level='asInvoker' uiAccess='false'" /manifest:embed /Debug /PDB:"C:\Users\Saurabh\Desktop\RTA-assignment1\Debug\RTA-assignment1.pdb" /SUBSYSTEM:CONSOLE /TLBID:1 /DYNAMICBASE /NXCOMPAT /IMPLIB:"C:\Users\Saurabh\Desktop\RTA-assignment1\Debug\RTA-assignment1.lib" /MACHINE:X86 Debug\backup.obj
         Debug\main.obj
     1>LINK : warning LNK4098: defaultlib 'MSVCRT' conflicts with use of other libs; use /NODEFAULTLIB:library
     1>LINK : warning LNK4098: defaultlib 'LIBCMT' conflicts with use of other libs; use /NODEFAULTLIB:library
     1>glew32s.lib(glew.obj) : warning LNK4099: PDB 'vc120.pdb' was not found with 'glew32s.lib(glew.obj)' or at 'C:\Users\Saurabh\Desktop\RTA-assignment1\Debug\vc120.pdb'; linking object as if no debug info
     1>SOIL.lib(image_DXT.obj) : warning LNK4099: PDB 'SOIL.pdb' was not found with 'SOIL.lib(image_DXT.obj)' or at 'C:\Users\Saurabh\Desktop\RTA-assignment1\Debug\SOIL.pdb'; linking object as if no debug info
     1>SOIL.lib(image_helper.obj) : warning LNK4099: PDB 'SOIL.pdb' was not found with 'SOIL.lib(image_helper.obj)' or at 'C:\Users\Saurabh\Desktop\RTA-assignment1\Debug\SOIL.pdb'; linking object as if no debug info
     1>SOIL.lib(SOIL.obj) : warning LNK4099: PDB 'SOIL.pdb' was not found with 'SOIL.lib(SOIL.obj)' or at 'C:\Users\Saurabh\Desktop\RTA-assignment1\Debug\SOIL.pdb'; linking object as if no debug info
     1>SOIL.lib(stb_image_aug.obj) : warning LNK4099: PDB 'SOIL.pdb' was not found with 'SOIL.lib(stb_image_aug.obj)' or at 'C:\Users\Saurabh\Desktop\RTA-assignment1\Debug\SOIL.pdb'; linking object as if no debug info
         RTA-assignment1.vcxproj -> C:\Users\Saurabh\Desktop\RTA-assignment1\Debug\RTA-assignment1.exe
     1>Done Building Project "C:\Users\Saurabh\Desktop\RTA-assignment1\RTA-assignment1\RTA-assignment1.vcxproj" (Build target(s)).

Build succeeded.

Time Elapsed 00:00:01.82
