c:\users\saurabh\desktop\rta-assignment1\rta-assignment1\debug\vc140.pdb
c:\users\saurabh\desktop\rta-assignment1\rta-assignment1\debug\vc140.idb
c:\users\saurabh\desktop\rta-assignment1\rta-assignment1\debug\source.obj
c:\users\saurabh\desktop\rta-assignment1\rta-assignment1\debug\main.obj
c:\users\saurabh\desktop\rta-assignment1\rta-assignment1\debug\backup.obj
c:\users\saurabh\desktop\rta-assignment1\debug\rta-assignment1.pdb
c:\users\saurabh\desktop\rta-assignment1\rta-assignment1\debug\rta-assignment1.tlog\cl.command.1.tlog
c:\users\saurabh\desktop\rta-assignment1\rta-assignment1\debug\rta-assignment1.tlog\cl.read.1.tlog
c:\users\saurabh\desktop\rta-assignment1\rta-assignment1\debug\rta-assignment1.tlog\cl.write.1.tlog
c:\users\saurabh\desktop\rta-assignment1\rta-assignment1\debug\rta-assignment1.tlog\link-cvtres.read.1.tlog
c:\users\saurabh\desktop\rta-assignment1\rta-assignment1\debug\rta-assignment1.tlog\link-cvtres.write.1.tlog
c:\users\saurabh\desktop\rta-assignment1\rta-assignment1\debug\rta-assignment1.tlog\link-rc.read.1.tlog
c:\users\saurabh\desktop\rta-assignment1\rta-assignment1\debug\rta-assignment1.tlog\link-rc.write.1.tlog
c:\users\saurabh\desktop\rta-assignment1\rta-assignment1\debug\rta-assignment1.tlog\link.5004-cvtres.read.1.tlog
c:\users\saurabh\desktop\rta-assignment1\rta-assignment1\debug\rta-assignment1.tlog\link.5004-cvtres.write.1.tlog
c:\users\saurabh\desktop\rta-assignment1\rta-assignment1\debug\rta-assignment1.tlog\link.5004-rc.read.1.tlog
c:\users\saurabh\desktop\rta-assignment1\rta-assignment1\debug\rta-assignment1.tlog\link.5004-rc.write.1.tlog
c:\users\saurabh\desktop\rta-assignment1\rta-assignment1\debug\rta-assignment1.tlog\link.5004.read.1.tlog
c:\users\saurabh\desktop\rta-assignment1\rta-assignment1\debug\rta-assignment1.tlog\link.5004.write.1.tlog
c:\users\saurabh\desktop\rta-assignment1\rta-assignment1\debug\rta-assignment1.tlog\link.command.1.tlog
c:\users\saurabh\desktop\rta-assignment1\rta-assignment1\debug\rta-assignment1.tlog\link.read.1.tlog
c:\users\saurabh\desktop\rta-assignment1\rta-assignment1\debug\rta-assignment1.tlog\link.write.1.tlog
